2018-10-19 11:34:33  [41876] PRAGMA journal_mode=WAL
2018-10-19 11:34:33  [41876] PRAGMA foreign_keys=ON
2018-10-19 11:34:33  [41876] PRAGMA busy_timeout=5000
2018-10-19 11:34:33  [41876] PRAGMA synchronous=NORMAL
2018-10-19 11:34:33  [41876] [BEGIN] [databaseId:0]
2018-10-19 15:33:43  [49740] PRAGMA journal_mode=WAL
2018-10-19 15:33:43  [49740] PRAGMA foreign_keys=ON
2018-10-19 15:33:43  [49740] PRAGMA busy_timeout=5000
2018-10-19 15:33:43  [49740] PRAGMA synchronous=NORMAL
2018-10-19 15:33:43  [49740] [BEGIN] [databaseId:0]
2018-10-19 15:33:43  [49740] SELECT "id","title","body","created_at","updated_at","lock_revision" FROM "blog" t0 WHERE t0."id"=2 LIMIT 1
2018-10-19 15:33:43  [49740] [COMMIT] [databaseId:0]
2018-10-19 15:33:44  [49740] [BEGIN] [databaseId:0]
2018-10-19 15:33:44  [49740] SELECT "id","title","body","created_at","updated_at","lock_revision" FROM "blog" t0
2018-10-19 15:33:44  [49740] [COMMIT] [databaseId:0]
2018-10-19 15:33:57  [50256] [BEGIN] [databaseId:0]
2018-10-19 15:33:57  [50256] INSERT INTO blog ("title", "body", "created_at", "updated_at", "lock_revision") VALUES ('hello world!', 'hello !', '2018-10-19T15:33:57.197', '2018-10-19T15:33:57.197', 1)
2018-10-19 15:33:57  [50256] [COMMIT] [databaseId:0]
2018-10-19 15:33:57  [50256] [BEGIN] [databaseId:0]
2018-10-19 15:33:57  [50256] SELECT "id","title","body","created_at","updated_at","lock_revision" FROM "blog" t0 WHERE t0."id"=1 LIMIT 1
2018-10-19 15:33:57  [50256] [COMMIT] [databaseId:0]
2018-10-19 15:33:58  [50256] [BEGIN] [databaseId:0]
2018-10-19 15:33:58  [50256] SELECT "id","title","body","created_at","updated_at","lock_revision" FROM "blog" t0
2018-10-19 15:33:58  [50256] [COMMIT] [databaseId:0]
2018-10-19 15:34:00  [50256] [BEGIN] [databaseId:0]
2018-10-19 15:34:00  [50256] SELECT "id","title","body","created_at","updated_at","lock_revision" FROM "blog" t0 WHERE t0."id"=1 LIMIT 1
2018-10-19 15:34:00  [50256] [COMMIT] [databaseId:0]
2018-10-19 15:34:01  [50256] [BEGIN] [databaseId:0]
2018-10-19 15:34:01  [50256] SELECT "id","title","body","created_at","updated_at","lock_revision" FROM "blog" t0
2018-10-19 15:34:01  [50256] [COMMIT] [databaseId:0]
2018-10-19 15:34:02  [50256] [BEGIN] [databaseId:0]
2018-10-19 15:34:02  [50256] SELECT "id","title","body","created_at","updated_at","lock_revision" FROM "blog" t0 WHERE t0."id"=1 LIMIT 1
2018-10-19 15:34:02  [50256] [COMMIT] [databaseId:0]
2018-10-19 15:34:03  [50256] [BEGIN] [databaseId:0]
2018-10-19 15:34:03  [50256] SELECT "id","title","body","created_at","updated_at","lock_revision" FROM "blog" t0
2018-10-19 15:34:03  [50256] [COMMIT] [databaseId:0]
2018-10-19 15:34:04  [50256] [BEGIN] [databaseId:0]
2018-10-19 15:34:04  [50256] SELECT "id","title","body","created_at","updated_at","lock_revision" FROM "blog" t0 WHERE t0."id"=1 LIMIT 1
2018-10-19 15:34:04  [50256] [COMMIT] [databaseId:0]
2018-10-19 15:34:06  [50256] [BEGIN] [databaseId:0]
2018-10-19 15:34:06  [50256] SELECT "id","title","body","created_at","updated_at","lock_revision" FROM "blog" t0 WHERE t0."id"=1 AND t0."lock_revision"=1 LIMIT 1
2018-10-19 15:34:06  [50256] UPDATE blog SET updated_at='2018-10-19T15:34:06.459',lock_revision=2 WHERE lock_revision=1 AND id=1
2018-10-19 15:34:06  [50256] [COMMIT] [databaseId:0]
2018-10-19 15:34:06  [50256] [BEGIN] [databaseId:0]
2018-10-19 15:34:06  [50256] SELECT "id","title","body","created_at","updated_at","lock_revision" FROM "blog" t0 WHERE t0."id"=1 LIMIT 1
2018-10-19 15:34:06  [50256] [COMMIT] [databaseId:0]
2018-10-19 15:34:17  [51072] [BEGIN] [databaseId:0]
2018-10-19 15:34:17  [51072] SELECT "id","title","body","created_at","updated_at","lock_revision" FROM "blog" t0
2018-10-19 15:34:17  [51072] [COMMIT] [databaseId:0]
2018-10-19 15:46:54  [30248] PRAGMA journal_mode=WAL
2018-10-19 15:46:54  [30248] PRAGMA foreign_keys=ON
2018-10-19 15:46:54  [30248] PRAGMA busy_timeout=5000
2018-10-19 15:46:54  [30248] PRAGMA synchronous=NORMAL
2018-10-19 15:46:54  [30248] [BEGIN] [databaseId:0]
2018-10-19 15:46:54  [30248] SELECT "id","title","body","created_at","updated_at","lock_revision" FROM "blog" t0
2018-10-19 15:46:54  [30248] [COMMIT] [databaseId:0]
2018-10-19 15:47:07  [51476] [BEGIN] [databaseId:0]
2018-10-19 15:47:07  [51476] SELECT "id","title","body","created_at","updated_at","lock_revision" FROM "blog" t0
2018-10-19 15:47:07  [51476] [COMMIT] [databaseId:0]
2018-10-19 16:21:05  [48848] PRAGMA journal_mode=WAL
2018-10-19 16:21:05  [48848] PRAGMA foreign_keys=ON
2018-10-19 16:21:05  [48848] PRAGMA busy_timeout=5000
2018-10-19 16:21:05  [48848] PRAGMA synchronous=NORMAL
2018-10-19 16:21:05  [48848] [BEGIN] [databaseId:0]
2018-10-19 16:21:05  [48848] SELECT "id","title","body","created_at","updated_at","lock_revision" FROM "blog" t0
2018-10-19 16:21:05  [48848] [COMMIT] [databaseId:0]
2018-10-19 16:21:21  [48848] [BEGIN] [databaseId:0]
2018-10-19 16:21:21  [48848] SELECT "id","title","body","created_at","updated_at","lock_revision" FROM "blog" t0
2018-10-19 16:21:21  [48848] [COMMIT] [databaseId:0]
2018-10-19 16:22:45  [43648] PRAGMA journal_mode=WAL
2018-10-19 16:22:45  [43648] PRAGMA foreign_keys=ON
2018-10-19 16:22:45  [43648] PRAGMA busy_timeout=5000
2018-10-19 16:22:45  [43648] PRAGMA synchronous=NORMAL
2018-10-19 16:22:45  [43648] [BEGIN] [databaseId:0]
2018-10-19 16:22:45  [43648] SELECT "id","title","body","created_at","updated_at","lock_revision" FROM "blog" t0 WHERE t0."id"=1 LIMIT 1
2018-10-19 16:22:45  [43648] [COMMIT] [databaseId:0]
2018-10-19 16:22:51  [43648] [BEGIN] [databaseId:0]
2018-10-19 16:22:51  [43648] SELECT "id","title","body","created_at","updated_at","lock_revision" FROM "blog" t0 WHERE t0."id"=1 LIMIT 1
2018-10-19 16:22:51  [43648] [COMMIT] [databaseId:0]
2018-10-19 16:23:35  [50312] PRAGMA journal_mode=WAL
2018-10-19 16:23:35  [50312] PRAGMA foreign_keys=ON
2018-10-19 16:23:35  [50312] PRAGMA busy_timeout=5000
2018-10-19 16:23:35  [50312] PRAGMA synchronous=NORMAL
2018-10-19 16:23:35  [50312] [BEGIN] [databaseId:0]
2018-10-19 16:23:35  [50312] SELECT "id","title","body","created_at","updated_at","lock_revision" FROM "blog" t0 WHERE t0."id"=1 LIMIT 1
2018-10-19 16:23:35  [50312] [COMMIT] [databaseId:0]
2018-10-19 16:23:37  [50312] [BEGIN] [databaseId:0]
2018-10-19 16:23:37  [50312] SELECT "id","title","body","created_at","updated_at","lock_revision" FROM "blog" t0
2018-10-19 16:23:37  [50312] [COMMIT] [databaseId:0]
2018-10-19 16:23:38  [50312] [BEGIN] [databaseId:0]
2018-10-19 16:23:38  [50312] SELECT "id","title","body","created_at","updated_at","lock_revision" FROM "blog" t0 WHERE t0."id"=1 LIMIT 1
2018-10-19 16:23:38  [50312] [COMMIT] [databaseId:0]
2018-10-19 16:23:50  [31028] [BEGIN] [databaseId:0]
2018-10-19 16:23:50  [31028] SELECT "id","title","body","created_at","updated_at","lock_revision" FROM "blog" t0
2018-10-19 16:23:50  [31028] [COMMIT] [databaseId:0]
2018-10-19 16:29:01  [51944] PRAGMA journal_mode=WAL
2018-10-19 16:29:01  [51944] PRAGMA foreign_keys=ON
2018-10-19 16:29:01  [51944] PRAGMA busy_timeout=5000
2018-10-19 16:29:01  [51944] PRAGMA synchronous=NORMAL
2018-10-19 16:29:01  [51944] [BEGIN] [databaseId:0]
2018-10-19 16:29:01  [51944] SELECT "id","title","body","created_at","updated_at","lock_revision" FROM "blog" t0
2018-10-19 16:29:01  [51944] [COMMIT] [databaseId:0]
2018-10-19 16:45:17  [48928] PRAGMA journal_mode=WAL
2018-10-19 16:45:17  [48928] PRAGMA foreign_keys=ON
2018-10-19 16:45:17  [48928] PRAGMA busy_timeout=5000
2018-10-19 16:45:17  [48928] PRAGMA synchronous=NORMAL
2018-10-19 16:45:17  [48928] [BEGIN] [databaseId:0]
2018-10-19 16:45:17  [48928] SELECT "id","title","body","created_at","updated_at","lock_revision" FROM "blog" t0
2018-10-19 16:45:17  [48928] [COMMIT] [databaseId:0]
2018-10-20 17:20:47  [16896] PRAGMA journal_mode=WAL
2018-10-20 17:20:47  [16896] PRAGMA foreign_keys=ON
2018-10-20 17:20:47  [16896] PRAGMA busy_timeout=5000
2018-10-20 17:20:47  [16896] PRAGMA synchronous=NORMAL
2018-10-20 17:20:47  [16896] [BEGIN] [databaseId:0]
2018-10-20 17:20:47  [16896] INSERT INTO blog ("title", "body", "created_at", "updated_at", "lock_revision") VALUES ('', '', '2018-10-20T17:20:45.974', '2018-10-20T17:20:45.977', 1)
2018-10-20 17:20:47  [16896] [COMMIT] [databaseId:0]
2018-10-20 17:20:47  [16896] [BEGIN] [databaseId:0]
2018-10-20 17:20:47  [16896] SELECT "id","title","body","created_at","updated_at","lock_revision" FROM "blog" t0 WHERE t0."id"=2 LIMIT 1
2018-10-20 17:20:47  [16896] [COMMIT] [databaseId:0]
2018-10-20 17:21:25  [49224] PRAGMA journal_mode=WAL
2018-10-20 17:21:25  [49224] PRAGMA foreign_keys=ON
2018-10-20 17:21:25  [49224] PRAGMA busy_timeout=5000
2018-10-20 17:21:25  [49224] PRAGMA synchronous=NORMAL
2018-10-20 17:21:25  [49224] [BEGIN] [databaseId:0]
2018-10-20 17:21:25  [49224] SELECT "id","title","body","created_at","updated_at","lock_revision" FROM "blog" t0
2018-10-20 17:21:25  [49224] [COMMIT] [databaseId:0]
2018-10-20 17:24:33  [13864] PRAGMA journal_mode=WAL
2018-10-20 17:24:33  [13864] PRAGMA foreign_keys=ON
2018-10-20 17:24:33  [13864] PRAGMA busy_timeout=5000
2018-10-20 17:24:33  [13864] PRAGMA synchronous=NORMAL
2018-10-20 17:24:33  [13864] [BEGIN] [databaseId:0]
2018-10-20 17:24:33  [13864] INSERT INTO blog ("title", "body", "created_at", "updated_at", "lock_revision") VALUES ('', '', '2018-10-20T17:24:33.681', '2018-10-20T17:24:33.681', 1)
2018-10-20 17:24:33  [13864] [COMMIT] [databaseId:0]
2018-10-20 17:24:33  [13864] [BEGIN] [databaseId:0]
2018-10-20 17:24:33  [13864] SELECT "id","title","body","created_at","updated_at","lock_revision" FROM "blog" t0 WHERE t0."id"=3 LIMIT 1
2018-10-20 17:24:33  [13864] [COMMIT] [databaseId:0]
2018-10-20 17:27:38  [51640] PRAGMA journal_mode=WAL
2018-10-20 17:27:38  [51640] PRAGMA foreign_keys=ON
2018-10-20 17:27:38  [51640] PRAGMA busy_timeout=5000
2018-10-20 17:27:38  [51640] PRAGMA synchronous=NORMAL
2018-10-20 17:27:38  [51640] [BEGIN] [databaseId:0]
2018-10-20 17:27:38  [51640] INSERT INTO blog ("title", "body", "created_at", "updated_at", "lock_revision") VALUES ('132', '4123', '2018-10-20T17:27:38.814', '2018-10-20T17:27:38.814', 1)
2018-10-20 17:27:38  [51640] [COMMIT] [databaseId:0]
2018-10-20 17:27:38  [51640] [BEGIN] [databaseId:0]
2018-10-20 17:27:38  [51640] SELECT "id","title","body","created_at","updated_at","lock_revision" FROM "blog" t0 WHERE t0."id"=4 LIMIT 1
2018-10-20 17:27:38  [51640] [COMMIT] [databaseId:0]
2018-10-20 17:28:39  [55344] PRAGMA journal_mode=WAL
2018-10-20 17:28:39  [55344] PRAGMA foreign_keys=ON
2018-10-20 17:28:39  [55344] PRAGMA busy_timeout=5000
2018-10-20 17:28:39  [55344] PRAGMA synchronous=NORMAL
2018-10-20 17:28:39  [55344] [BEGIN] [databaseId:0]
2018-10-20 17:28:39  [55344] INSERT INTO blog ("title", "body", "created_at", "updated_at", "lock_revision") VALUES ('132', '4123', '2018-10-20T17:28:39.085', '2018-10-20T17:28:39.086', 1)
2018-10-20 17:28:39  [55344] [COMMIT] [databaseId:0]
2018-10-20 19:42:43  [49408] PRAGMA journal_mode=WAL
2018-10-20 19:42:43  [49408] PRAGMA foreign_keys=ON
2018-10-20 19:42:43  [49408] PRAGMA busy_timeout=5000
2018-10-20 19:42:43  [49408] PRAGMA synchronous=NORMAL
2018-10-20 19:42:43  [49408] [BEGIN] [databaseId:0]
2018-10-20 19:42:43  [49408] SELECT "id","title","body","created_at","updated_at","lock_revision" FROM "blog" t0
2018-10-20 19:42:43  [49408] [COMMIT] [databaseId:0]
2018-10-20 19:42:51  [49408] [BEGIN] [databaseId:0]
2018-10-20 19:42:51  [49408] SELECT "id","title","body","created_at","updated_at","lock_revision" FROM "blog" t0 WHERE t0."id"=2 LIMIT 1
2018-10-20 19:42:51  [49408] DELETE FROM blog WHERE lock_revision=1 AND id=2
2018-10-20 19:42:51  [49408] [COMMIT] [databaseId:0]
2018-10-20 19:42:51  [49408] [BEGIN] [databaseId:0]
2018-10-20 19:42:51  [49408] SELECT "id","title","body","created_at","updated_at","lock_revision" FROM "blog" t0
2018-10-20 19:42:51  [49408] [COMMIT] [databaseId:0]
2018-10-20 19:42:55  [49408] [BEGIN] [databaseId:0]
2018-10-20 19:42:55  [49408] SELECT "id","title","body","created_at","updated_at","lock_revision" FROM "blog" t0 WHERE t0."id"=3 LIMIT 1
2018-10-20 19:42:55  [49408] DELETE FROM blog WHERE lock_revision=1 AND id=3
2018-10-20 19:42:55  [49408] [COMMIT] [databaseId:0]
2018-10-20 19:42:55  [49408] [BEGIN] [databaseId:0]
2018-10-20 19:42:55  [49408] SELECT "id","title","body","created_at","updated_at","lock_revision" FROM "blog" t0
2018-10-20 19:42:55  [49408] [COMMIT] [databaseId:0]
2018-10-20 21:54:33  [41264] PRAGMA journal_mode=WAL
2018-10-20 21:54:33  [41264] PRAGMA foreign_keys=ON
2018-10-20 21:54:33  [41264] PRAGMA busy_timeout=5000
2018-10-20 21:54:33  [41264] PRAGMA synchronous=NORMAL
2018-10-20 21:54:33  [41264] [BEGIN] [databaseId:0]
2018-10-20 21:54:33  [41264] SELECT COUNT(*) FROM (SELECT "id","username","password","created_at","updated_at" FROM "user" t0) t
2018-10-20 21:54:33  [41264] [COMMIT] [databaseId:0]
2018-10-20 21:55:04  [54632] [BEGIN] [databaseId:0]
2018-10-20 21:55:04  [54632] SELECT "id","username","password","created_at","updated_at" FROM "user" t0 WHERE t0."username"='asdasd' LIMIT 1
2018-10-20 21:55:04  [54632] SELECT COUNT(*) FROM (SELECT "id","username","password","created_at","updated_at" FROM "user" t0) t
2018-10-20 21:55:04  [54632] [COMMIT] [databaseId:0]
2018-10-20 22:27:50  [50156] PRAGMA journal_mode=WAL
2018-10-20 22:27:50  [50156] PRAGMA foreign_keys=ON
2018-10-20 22:27:50  [50156] PRAGMA busy_timeout=5000
2018-10-20 22:27:50  [50156] PRAGMA synchronous=NORMAL
2018-10-20 22:27:50  [50156] [BEGIN] [databaseId:0]
2018-10-20 22:27:50  [50156] SELECT COUNT(*) FROM (SELECT "id","username","password","created_at","updated_at" FROM "user" t0) t
2018-10-20 22:27:50  [50156] [COMMIT] [databaseId:0]
2018-10-21 11:16:25  [51636] PRAGMA journal_mode=WAL
2018-10-21 11:16:25  [51636] PRAGMA foreign_keys=ON
2018-10-21 11:16:25  [51636] PRAGMA busy_timeout=5000
2018-10-21 11:16:25  [51636] PRAGMA synchronous=NORMAL
2018-10-21 11:16:25  [51636] [BEGIN] [databaseId:0]
2018-10-21 11:16:25  [51636] SELECT "id","title","body","created_at","updated_at","lock_revision" FROM "blog" t0
2018-10-21 11:16:25  [51636] [COMMIT] [databaseId:0]
2018-10-21 14:16:36  [43164] PRAGMA journal_mode=WAL
2018-10-21 14:16:36  [43164] PRAGMA foreign_keys=ON
2018-10-21 14:16:36  [43164] PRAGMA busy_timeout=5000
2018-10-21 14:16:36  [43164] PRAGMA synchronous=NORMAL
2018-10-21 14:16:36  [43164] [BEGIN] [databaseId:0]
2018-10-21 14:16:36  [43164] SELECT "id","username","password","created_at","updated_at" FROM "user" t0 WHERE t0."username"='asdasd' LIMIT 1
2018-10-21 14:16:36  [43164] SELECT COUNT(*) FROM (SELECT "id","username","password","created_at","updated_at" FROM "user" t0) t
2018-10-21 14:16:36  [43164] [COMMIT] [databaseId:0]
2018-10-21 14:20:03  [37508] PRAGMA journal_mode=WAL
2018-10-21 14:20:03  [37508] PRAGMA foreign_keys=ON
2018-10-21 14:20:03  [37508] PRAGMA busy_timeout=5000
2018-10-21 14:20:03  [37508] PRAGMA synchronous=NORMAL
2018-10-21 14:20:03  [37508] [BEGIN] [databaseId:0]
2018-10-21 14:20:03  [37508] SELECT "id","username","password","created_at","updated_at" FROM "user" t0 WHERE t0."username"='asdasd' LIMIT 1
2018-10-21 14:20:03  [37508] SELECT COUNT(*) FROM (SELECT "id","username","password","created_at","updated_at" FROM "user" t0) t
2018-10-21 14:20:03  [37508] [COMMIT] [databaseId:0]
2018-10-21 14:26:24  [33668] PRAGMA journal_mode=WAL
2018-10-21 14:26:24  [33668] PRAGMA foreign_keys=ON
2018-10-21 14:26:24  [33668] PRAGMA busy_timeout=5000
2018-10-21 14:26:24  [33668] PRAGMA synchronous=NORMAL
2018-10-21 14:26:24  [33668] [BEGIN] [databaseId:0]
2018-10-21 14:26:24  [33668] SELECT "id","username","password","created_at","updated_at" FROM "user" t0 WHERE t0."username"='asdasd' LIMIT 1
2018-10-21 14:26:25  [33668] SELECT COUNT(*) FROM (SELECT "id","username","password","created_at","updated_at" FROM "user" t0) t
2018-10-21 14:26:25  [33668] [COMMIT] [databaseId:0]
2018-10-21 14:33:05  [15408] PRAGMA journal_mode=WAL
2018-10-21 14:33:05  [15408] PRAGMA foreign_keys=ON
2018-10-21 14:33:05  [15408] PRAGMA busy_timeout=5000
2018-10-21 14:33:05  [15408] PRAGMA synchronous=NORMAL
2018-10-21 14:33:05  [15408] [BEGIN] [databaseId:0]
2018-10-21 14:33:05  [15408] SELECT "id","username","password","created_at","updated_at" FROM "user" t0 WHERE t0."username"='123' LIMIT 1
2018-10-21 14:33:05  [15408] SELECT COUNT(*) FROM (SELECT "id","username","password","created_at","updated_at" FROM "user" t0) t
2018-10-21 14:33:05  [15408] [COMMIT] [databaseId:0]
2018-10-21 14:35:16  [15796] PRAGMA journal_mode=WAL
2018-10-21 14:35:16  [15796] PRAGMA foreign_keys=ON
2018-10-21 14:35:16  [15796] PRAGMA busy_timeout=5000
2018-10-21 14:35:16  [15796] PRAGMA synchronous=NORMAL
2018-10-21 14:35:16  [15796] [BEGIN] [databaseId:0]
2018-10-21 14:35:16  [15796] SELECT "id","username","password","created_at","updated_at" FROM "user" t0 WHERE t0."username"='asdasd' LIMIT 1
2018-10-21 14:35:16  [15796] SELECT COUNT(*) FROM (SELECT "id","username","password","created_at","updated_at" FROM "user" t0) t
2018-10-21 14:35:16  [15796] [COMMIT] [databaseId:0]
2018-10-21 14:44:46  [20036] PRAGMA journal_mode=WAL
2018-10-21 14:44:46  [20036] PRAGMA foreign_keys=ON
2018-10-21 14:44:46  [20036] PRAGMA busy_timeout=5000
2018-10-21 14:44:46  [20036] PRAGMA synchronous=NORMAL
2018-10-21 14:44:46  [20036] [BEGIN] [databaseId:0]
2018-10-21 14:44:46  [20036] SELECT "id","username","password","created_at","updated_at" FROM "user" t0 WHERE t0."username"='asdasd' LIMIT 1
2018-10-21 14:44:46  [20036] SELECT COUNT(*) FROM (SELECT "id","username","password","created_at","updated_at" FROM "user" t0) t
2018-10-21 14:44:46  [20036] [COMMIT] [databaseId:0]
2018-10-21 14:44:49  [20036] [BEGIN] [databaseId:0]
2018-10-21 14:44:49  [20036] SELECT "id","username","password","created_at","updated_at" FROM "user" t0 WHERE t0."username"='asdasd' LIMIT 1
2018-10-21 14:44:49  [20036] SELECT COUNT(*) FROM (SELECT "id","username","password","created_at","updated_at" FROM "user" t0) t
2018-10-21 14:44:49  [20036] [COMMIT] [databaseId:0]
2018-10-21 14:46:47  [31416] PRAGMA journal_mode=WAL
2018-10-21 14:46:47  [31416] PRAGMA foreign_keys=ON
2018-10-21 14:46:47  [31416] PRAGMA busy_timeout=5000
2018-10-21 14:46:47  [31416] PRAGMA synchronous=NORMAL
2018-10-21 14:46:47  [31416] [BEGIN] [databaseId:0]
2018-10-21 14:46:47  [31416] SELECT "id","username","password","created_at","updated_at" FROM "user" t0 WHERE t0."username"='asdasd' LIMIT 1
2018-10-21 14:46:47  [31416] SELECT COUNT(*) FROM (SELECT "id","username","password","created_at","updated_at" FROM "user" t0) t
2018-10-21 14:46:47  [31416] [COMMIT] [databaseId:0]
2018-10-21 14:46:52  [31416] [BEGIN] [databaseId:0]
2018-10-21 14:46:52  [31416] SELECT COUNT(*) FROM (SELECT "id","username","password","created_at","updated_at" FROM "user" t0) t
2018-10-21 14:46:52  [31416] [COMMIT] [databaseId:0]
2018-10-21 14:48:59  [4092] PRAGMA journal_mode=WAL
2018-10-21 14:48:59  [4092] PRAGMA foreign_keys=ON
2018-10-21 14:48:59  [4092] PRAGMA busy_timeout=5000
2018-10-21 14:48:59  [4092] PRAGMA synchronous=NORMAL
2018-10-21 14:48:59  [4092] [BEGIN] [databaseId:0]
2018-10-21 14:48:59  [4092] SELECT COUNT(*) FROM (SELECT "id","username","password","created_at","updated_at" FROM "user" t0) t
2018-10-21 14:48:59  [4092] [COMMIT] [databaseId:0]
2018-10-21 15:24:43  [47356] PRAGMA journal_mode=WAL
2018-10-21 15:24:43  [47356] PRAGMA foreign_keys=ON
2018-10-21 15:24:43  [47356] PRAGMA busy_timeout=5000
2018-10-21 15:24:43  [47356] PRAGMA synchronous=NORMAL
2018-10-21 15:24:43  [47356] [BEGIN] [databaseId:0]
2018-10-21 15:24:43  [47356] SELECT "id","username","password","created_at","updated_at" FROM "user" t0 WHERE t0."username"='asdasd' LIMIT 1
2018-10-21 15:24:43  [47356] SELECT COUNT(*) FROM (SELECT "id","username","password","created_at","updated_at" FROM "user" t0) t
2018-10-21 15:24:43  [47356] [COMMIT] [databaseId:0]
2018-10-21 15:44:16  [23912] PRAGMA journal_mode=WAL
2018-10-21 15:44:16  [23912] PRAGMA foreign_keys=ON
2018-10-21 15:44:16  [23912] PRAGMA busy_timeout=5000
2018-10-21 15:44:16  [23912] PRAGMA synchronous=NORMAL
2018-10-21 15:44:16  [23912] [BEGIN] [databaseId:0]
2018-10-21 15:44:16  [23912] SELECT "id","title","body","created_at","updated_at","lock_revision" FROM "blog" t0
2018-10-21 15:44:16  [23912] [COMMIT] [databaseId:0]
2018-10-21 15:55:04  [36308] PRAGMA journal_mode=WAL
2018-10-21 15:55:04  [36308] PRAGMA foreign_keys=ON
2018-10-21 15:55:04  [36308] PRAGMA busy_timeout=5000
2018-10-21 15:55:04  [36308] PRAGMA synchronous=NORMAL
2018-10-21 15:55:04  [36308] [BEGIN] [databaseId:0]
2018-10-21 15:55:04  [36308] SELECT "id","title","body","created_at","updated_at","lock_revision" FROM "blog" t0
2018-10-21 15:55:04  [36308] [COMMIT] [databaseId:0]
2018-10-21 21:20:26  [5636] PRAGMA foreign_keys=ON
2018-10-21 21:20:26  [5636] PRAGMA journal_mode=WAL
2018-10-21 21:20:26  [5636] PRAGMA busy_timeout=5000
2018-10-21 21:20:26  [5636] PRAGMA synchronous=NORMAL
2018-10-21 21:20:26  [5636] [BEGIN] [databaseId:0]
2018-10-21 21:20:26  [5636] SELECT "id","title","body","created_at","updated_at","lock_revision" FROM "blog" t0
2018-10-21 21:20:26  [5636] [COMMIT] [databaseId:0]
2018-10-21 21:21:52  [50452] PRAGMA journal_mode=WAL
2018-10-21 21:21:52  [50452] PRAGMA foreign_keys=ON
2018-10-21 21:21:52  [50452] PRAGMA busy_timeout=5000
2018-10-21 21:21:52  [50452] PRAGMA synchronous=NORMAL
2018-10-21 21:21:52  [50452] [BEGIN] [databaseId:0]
2018-10-21 21:21:52  [50452] SELECT "id","title","body","created_at","updated_at","lock_revision" FROM "blog" t0
2018-10-21 21:21:52  [50452] [COMMIT] [databaseId:0]
2018-10-21 21:21:54  [50452] [BEGIN] [databaseId:0]
2018-10-21 21:21:54  [50452] SELECT "id","title","body","created_at","updated_at","lock_revision" FROM "blog" t0 WHERE t0."id"=1 LIMIT 1
2018-10-21 21:21:54  [50452] [COMMIT] [databaseId:0]
2018-10-21 21:28:21  [42844] PRAGMA journal_mode=WAL
2018-10-21 21:28:21  [42844] PRAGMA foreign_keys=ON
2018-10-21 21:28:21  [42844] PRAGMA busy_timeout=5000
2018-10-21 21:28:21  [42844] PRAGMA synchronous=NORMAL
2018-10-21 21:28:21  [42844] [BEGIN] [databaseId:0]
2018-10-21 21:28:21  [42844] SELECT "id","title","body","created_at","updated_at","lock_revision" FROM "blog" t0
2018-10-21 21:28:21  [42844] [COMMIT] [databaseId:0]
2018-10-21 21:28:41  [3792] [BEGIN] [databaseId:0]
2018-10-21 21:28:41  [3792] SELECT "id","title","body","created_at","updated_at","lock_revision" FROM "blog" t0
2018-10-21 21:28:41  [3792] [COMMIT] [databaseId:0]
2018-10-21 21:28:43  [3792] [BEGIN] [databaseId:0]
2018-10-21 21:28:43  [3792] SELECT "id","title","body","created_at","updated_at","lock_revision" FROM "blog" t0
2018-10-21 21:28:43  [3792] [COMMIT] [databaseId:0]
2018-10-21 21:28:51  [3792] [BEGIN] [databaseId:0]
2018-10-21 21:28:51  [3792] SELECT "id","title","body","created_at","updated_at","lock_revision" FROM "blog" t0
2018-10-21 21:28:51  [3792] [COMMIT] [databaseId:0]
2018-10-21 21:29:20  [55024] [BEGIN] [databaseId:0]
2018-10-21 21:29:20  [55024] SELECT "id","title","body","created_at","updated_at","lock_revision" FROM "blog" t0
2018-10-21 21:29:20  [55024] [COMMIT] [databaseId:0]
2018-10-21 21:42:02  [19988] PRAGMA journal_mode=WAL
2018-10-21 21:42:02  [19988] PRAGMA foreign_keys=ON
2018-10-21 21:42:02  [19988] PRAGMA busy_timeout=5000
2018-10-21 21:42:02  [19988] PRAGMA synchronous=NORMAL
2018-10-21 21:42:02  [19988] [BEGIN] [databaseId:0]
2018-10-21 21:42:02  [19988] SELECT "id","title","body","created_at","updated_at","lock_revision" FROM "blog" t0
2018-10-21 21:42:02  [19988] [COMMIT] [databaseId:0]
2018-10-21 21:43:52  [6488] PRAGMA journal_mode=WAL
2018-10-21 21:43:52  [6488] PRAGMA foreign_keys=ON
2018-10-21 21:43:52  [6488] PRAGMA busy_timeout=5000
2018-10-21 21:43:52  [6488] PRAGMA synchronous=NORMAL
2018-10-21 21:43:52  [6488] [BEGIN] [databaseId:0]
2018-10-21 21:43:52  [6488] SELECT "id","title","body","created_at","updated_at","lock_revision" FROM "blog" t0
2018-10-21 21:43:52  [6488] [COMMIT] [databaseId:0]
2018-10-21 21:46:59  [16136] PRAGMA journal_mode=WAL
2018-10-21 21:46:59  [16136] PRAGMA foreign_keys=ON
2018-10-21 21:46:59  [16136] PRAGMA busy_timeout=5000
2018-10-21 21:46:59  [16136] PRAGMA synchronous=NORMAL
2018-10-21 21:46:59  [16136] [BEGIN] [databaseId:0]
2018-10-21 21:46:59  [16136] SELECT "id","title","body","created_at","updated_at","lock_revision" FROM "blog" t0
2018-10-21 21:46:59  [16136] [COMMIT] [databaseId:0]
2018-10-21 21:49:46  [24936] PRAGMA journal_mode=WAL
2018-10-21 21:49:46  [24936] PRAGMA foreign_keys=ON
2018-10-21 21:49:46  [24936] PRAGMA busy_timeout=5000
2018-10-21 21:49:46  [24936] PRAGMA synchronous=NORMAL
2018-10-21 21:49:46  [24936] [BEGIN] [databaseId:0]
2018-10-21 21:49:46  [24936] SELECT COUNT(*) FROM (SELECT "id","username","password","created_at","updated_at" FROM "user" t0) t
2018-10-21 21:49:46  [24936] [COMMIT] [databaseId:0]
2018-10-21 21:50:24  [10880] PRAGMA journal_mode=WAL
2018-10-21 21:50:24  [10880] PRAGMA foreign_keys=ON
2018-10-21 21:50:24  [10880] PRAGMA busy_timeout=5000
2018-10-21 21:50:24  [10880] PRAGMA synchronous=NORMAL
2018-10-21 21:50:24  [10880] [BEGIN] [databaseId:0]
2018-10-21 21:50:24  [10880] SELECT COUNT(*) FROM (SELECT "id","username","password","created_at","updated_at" FROM "user" t0) t
2018-10-21 21:50:24  [10880] [COMMIT] [databaseId:0]
2018-10-21 21:50:26  [10880] [BEGIN] [databaseId:0]
2018-10-21 21:50:26  [10880] SELECT COUNT(*) FROM (SELECT "id","username","password","created_at","updated_at" FROM "user" t0) t
2018-10-21 21:50:26  [10880] [COMMIT] [databaseId:0]
2018-10-21 21:52:04  [2856] PRAGMA journal_mode=WAL
2018-10-21 21:52:04  [2856] PRAGMA foreign_keys=ON
2018-10-21 21:52:04  [2856] PRAGMA busy_timeout=5000
2018-10-21 21:52:04  [2856] PRAGMA synchronous=NORMAL
2018-10-21 21:52:04  [2856] [BEGIN] [databaseId:0]
2018-10-21 21:52:04  [2856] SELECT COUNT(*) FROM (SELECT "id","username","password","created_at","updated_at" FROM "user" t0) t
2018-10-21 21:52:04  [2856] [COMMIT] [databaseId:0]
2018-10-21 21:52:10  [2856] [BEGIN] [databaseId:0]
2018-10-21 21:52:10  [2856] SELECT COUNT(*) FROM (SELECT "id","username","password","created_at","updated_at" FROM "user" t0) t
2018-10-21 21:52:10  [2856] [COMMIT] [databaseId:0]
2018-10-21 21:52:23  [23316] [BEGIN] [databaseId:0]
2018-10-21 21:52:23  [23316] SELECT COUNT(*) FROM (SELECT "id","username","password","created_at","updated_at" FROM "user" t0) t
2018-10-21 21:52:23  [23316] [COMMIT] [databaseId:0]
2018-10-21 21:55:15  [5884] PRAGMA journal_mode=WAL
2018-10-21 21:55:15  [5884] PRAGMA foreign_keys=ON
2018-10-21 21:55:15  [5884] PRAGMA busy_timeout=5000
2018-10-21 21:55:15  [5884] PRAGMA synchronous=NORMAL
2018-10-21 21:55:15  [5884] [BEGIN] [databaseId:0]
2018-10-21 21:55:15  [5884] SELECT COUNT(*) FROM (SELECT "id","username","password","created_at","updated_at" FROM "user" t0) t
2018-10-21 21:55:15  [5884] [COMMIT] [databaseId:0]
2018-10-21 21:56:00  [22852] PRAGMA journal_mode=WAL
2018-10-21 21:56:00  [22852] PRAGMA foreign_keys=ON
2018-10-21 21:56:00  [22852] PRAGMA busy_timeout=5000
2018-10-21 21:56:00  [22852] PRAGMA synchronous=NORMAL
2018-10-21 21:56:00  [22852] [BEGIN] [databaseId:0]
2018-10-21 21:56:00  [22852] SELECT COUNT(*) FROM (SELECT "id","username","password","created_at","updated_at" FROM "user" t0) t
2018-10-21 21:56:00  [22852] [COMMIT] [databaseId:0]
2018-10-21 21:57:12  [14724] PRAGMA journal_mode=WAL
2018-10-21 21:57:12  [14724] PRAGMA foreign_keys=ON
2018-10-21 21:57:12  [14724] PRAGMA busy_timeout=5000
2018-10-21 21:57:12  [14724] PRAGMA synchronous=NORMAL
2018-10-21 21:57:12  [14724] [BEGIN] [databaseId:0]
2018-10-21 21:57:12  [14724] SELECT "id","title","body","created_at","updated_at","lock_revision" FROM "blog" t0
2018-10-21 21:57:12  [14724] [COMMIT] [databaseId:0]
2018-10-21 21:57:14  [14724] [BEGIN] [databaseId:0]
2018-10-21 21:57:14  [14724] SELECT "id","title","body","created_at","updated_at","lock_revision" FROM "blog" t0 WHERE t0."id"=1 LIMIT 1
2018-10-21 21:57:14  [14724] [COMMIT] [databaseId:0]
2018-10-21 21:58:01  [2228] PRAGMA journal_mode=WAL
2018-10-21 21:58:01  [2228] PRAGMA foreign_keys=ON
2018-10-21 21:58:01  [2228] PRAGMA busy_timeout=5000
2018-10-21 21:58:01  [2228] PRAGMA synchronous=NORMAL
2018-10-21 21:58:01  [2228] [BEGIN] [databaseId:0]
2018-10-21 21:58:01  [2228] SELECT "id","title","body","created_at","updated_at","lock_revision" FROM "blog" t0
2018-10-21 21:58:01  [2228] [COMMIT] [databaseId:0]
2018-10-21 22:08:40  [24376] PRAGMA journal_mode=WAL
2018-10-21 22:08:40  [24376] PRAGMA foreign_keys=ON
2018-10-21 22:08:40  [24376] PRAGMA busy_timeout=5000
2018-10-21 22:08:40  [24376] PRAGMA synchronous=NORMAL
2018-10-21 22:08:40  [24376] [BEGIN] [databaseId:0]
2018-10-21 22:08:40  [24376] SELECT "id","title","body","created_at","updated_at","lock_revision" FROM "blog" t0
2018-10-21 22:08:40  [24376] [COMMIT] [databaseId:0]
2018-10-21 22:19:09  [42376] PRAGMA journal_mode=WAL
2018-10-21 22:19:09  [42376] PRAGMA foreign_keys=ON
2018-10-21 22:19:09  [42376] PRAGMA busy_timeout=5000
2018-10-21 22:19:09  [42376] PRAGMA synchronous=NORMAL
2018-10-21 22:19:09  [42376] [BEGIN] [databaseId:0]
2018-10-21 22:19:09  [42376] SELECT "id","title","body","created_at","updated_at","lock_revision" FROM "blog" t0
2018-10-21 22:19:09  [42376] [COMMIT] [databaseId:0]
2018-10-21 22:22:32  [15308] PRAGMA journal_mode=WAL
2018-10-21 22:22:32  [15308] PRAGMA foreign_keys=ON
2018-10-21 22:22:32  [15308] PRAGMA busy_timeout=5000
2018-10-21 22:22:32  [15308] PRAGMA synchronous=NORMAL
2018-10-21 22:22:32  [15308] [BEGIN] [databaseId:0]
2018-10-21 22:22:32  [15308] SELECT "id","title","body","created_at","updated_at","lock_revision" FROM "blog" t0
2018-10-21 22:22:32  [15308] [COMMIT] [databaseId:0]
2018-10-21 23:10:27  [50744] PRAGMA journal_mode=WAL
2018-10-21 23:10:27  [50744] PRAGMA foreign_keys=ON
2018-10-21 23:10:27  [50744] PRAGMA busy_timeout=5000
2018-10-21 23:10:27  [50744] PRAGMA synchronous=NORMAL
2018-10-21 23:10:27  [50744] [BEGIN] [databaseId:0]
2018-10-21 23:10:27  [50744] SELECT "id","title","body","created_at","updated_at","lock_revision" FROM "blog" t0
2018-10-21 23:10:27  [50744] [COMMIT] [databaseId:0]
2018-10-21 23:13:02  [13416] PRAGMA journal_mode=WAL
2018-10-21 23:13:02  [13416] PRAGMA foreign_keys=ON
2018-10-21 23:13:02  [13416] PRAGMA busy_timeout=5000
2018-10-21 23:13:02  [13416] PRAGMA synchronous=NORMAL
2018-10-21 23:13:02  [13416] [BEGIN] [databaseId:0]
2018-10-21 23:13:02  [13416] INSERT INTO blog ("title", "body", "created_at", "updated_at", "lock_revision") VALUES ('hello json!', NULL, '2018-10-21T23:13:02.806', '2018-10-21T23:13:02.808', 1)
2018-10-21 23:13:02  [13416] [COMMIT] [databaseId:0]
2018-10-21 23:13:02  [13416] [BEGIN] [databaseId:0]
2018-10-21 23:13:02  [13416] SELECT "id","title","body","created_at","updated_at","lock_revision" FROM "blog" t0 WHERE t0."id"=6 LIMIT 1
2018-10-21 23:13:02  [13416] [COMMIT] [databaseId:0]
2018-10-21 23:13:13  [43500] [BEGIN] [databaseId:0]
2018-10-21 23:13:13  [43500] SELECT "id","title","body","created_at","updated_at","lock_revision" FROM "blog" t0
2018-10-21 23:13:13  [43500] [COMMIT] [databaseId:0]
2018-10-21 23:13:18  [43500] [BEGIN] [databaseId:0]
2018-10-21 23:13:18  [43500] SELECT "id","title","body","created_at","updated_at","lock_revision" FROM "blog" t0 WHERE t0."id"=6 LIMIT 1
2018-10-21 23:13:18  [43500] [COMMIT] [databaseId:0]
2018-10-21 23:13:21  [43500] [BEGIN] [databaseId:0]
2018-10-21 23:13:21  [43500] SELECT "id","title","body","created_at","updated_at","lock_revision" FROM "blog" t0
2018-10-21 23:13:21  [43500] [COMMIT] [databaseId:0]
2018-10-21 23:17:46  [37796] PRAGMA journal_mode=WAL
2018-10-21 23:17:46  [37796] PRAGMA foreign_keys=ON
2018-10-21 23:17:46  [37796] PRAGMA busy_timeout=5000
2018-10-21 23:17:46  [37796] PRAGMA synchronous=NORMAL
2018-10-21 23:17:46  [37796] [BEGIN] [databaseId:0]
2018-10-21 23:17:46  [37796] INSERT INTO blog ("title", "body", "created_at", "updated_at", "lock_revision") VALUES ('adsas', '# This viminfo file was generated by Vim 8.1.
# You may edit it if you''re careful!

# Viminfo version
|1,4

# Value of ''encoding'' when this file was written
*encoding=utf-8


# hlsearch on (H) or off (h):
~h
# Command Line History (newest to oldest):
:q
|2,0,1539840941,,"q"

# Search String History (newest to oldest):

# Expression History (newest to oldest):

# Input Line History (newest to oldest):

# Debug Line History (newest to oldest):

# 寄存器:

# 文件标记:
''0  1  0  ~/Documents/Visual Studio 2017/repositories/once/app/.git/MERGE_MSG
|4,48,1,0,1539840941,"~/Documents/Visual Studio 2017/repositories/once/app/.git/MERGE_MSG"

# 跳转列表 (从新到旧):
-''  1  0  ~/Documents/Visual Studio 2017/repositories/once/app/.git/MERGE_MSG
|4,39,1,0,1539840941,"~/Documents/Visual Studio 2017/repositories/once/app/.git/MERGE_MSG"

# 文件内的标记历史记录 (从新到旧):

> ~/Documents/Visual Studio 2017/repositories/once/app/.git/MERGE_MSG
	*	1539840940	0
	"	1	0
', '2018-10-21T23:17:46.908', '2018-10-21T23:17:46.908', 1)
2018-10-21 23:17:46  [37796] [COMMIT] [databaseId:0]
2018-10-21 23:17:46  [37796] [BEGIN] [databaseId:0]
2018-10-21 23:17:46  [37796] SELECT "id","title","body","created_at","updated_at","lock_revision" FROM "blog" t0 WHERE t0."id"=7 LIMIT 1
2018-10-21 23:17:46  [37796] [COMMIT] [databaseId:0]
2018-10-21 23:17:52  [37796] [BEGIN] [databaseId:0]
2018-10-21 23:17:52  [37796] SELECT "id","title","body","created_at","updated_at","lock_revision" FROM "blog" t0
2018-10-21 23:17:52  [37796] [COMMIT] [databaseId:0]
2018-10-21 23:18:37  [17068] PRAGMA journal_mode=WAL
2018-10-21 23:18:37  [17068] PRAGMA foreign_keys=ON
2018-10-21 23:18:37  [17068] PRAGMA busy_timeout=5000
2018-10-21 23:18:37  [17068] PRAGMA synchronous=NORMAL
2018-10-21 23:18:37  [17068] [BEGIN] [databaseId:0]
2018-10-21 23:18:37  [17068] SELECT "id","title","body","created_at","updated_at","lock_revision" FROM "blog" t0 WHERE t0."id"=7 LIMIT 1
2018-10-21 23:18:37  [17068] [COMMIT] [databaseId:0]
2018-10-21 23:18:52  [41276] [BEGIN] [databaseId:0]
2018-10-21 23:18:52  [41276] SELECT "id","title","body","created_at","updated_at","lock_revision" FROM "blog" t0 WHERE t0."id"=6 LIMIT 1
2018-10-21 23:18:52  [41276] DELETE FROM blog WHERE lock_revision=1 AND id=6
2018-10-21 23:18:52  [41276] [COMMIT] [databaseId:0]
2018-10-21 23:18:52  [41276] [BEGIN] [databaseId:0]
2018-10-21 23:18:52  [41276] SELECT "id","title","body","created_at","updated_at","lock_revision" FROM "blog" t0
2018-10-21 23:18:52  [41276] [COMMIT] [databaseId:0]
2018-10-21 23:19:34  [14396] PRAGMA journal_mode=WAL
2018-10-21 23:19:34  [14396] PRAGMA foreign_keys=ON
2018-10-21 23:19:34  [14396] PRAGMA busy_timeout=5000
2018-10-21 23:19:34  [14396] PRAGMA synchronous=NORMAL
2018-10-21 23:19:34  [14396] [BEGIN] [databaseId:0]
2018-10-21 23:19:34  [14396] SELECT "id","title","body","created_at","updated_at","lock_revision" FROM "blog" t0
2018-10-21 23:19:34  [14396] [COMMIT] [databaseId:0]
2018-10-21 23:19:40  [14396] [BEGIN] [databaseId:0]
2018-10-21 23:19:40  [14396] SELECT "id","title","body","created_at","updated_at","lock_revision" FROM "blog" t0 WHERE t0."id"=7 LIMIT 1
2018-10-21 23:19:40  [14396] [COMMIT] [databaseId:0]
2018-10-21 23:19:43  [14396] [BEGIN] [databaseId:0]
2018-10-21 23:19:43  [14396] SELECT "id","title","body","created_at","updated_at","lock_revision" FROM "blog" t0
2018-10-21 23:19:43  [14396] [COMMIT] [databaseId:0]
2018-10-21 23:23:02  [54228] PRAGMA journal_mode=WAL
2018-10-21 23:23:02  [54228] PRAGMA foreign_keys=ON
2018-10-21 23:23:02  [54228] PRAGMA busy_timeout=5000
2018-10-21 23:23:02  [54228] PRAGMA synchronous=NORMAL
2018-10-21 23:23:02  [54228] [BEGIN] [databaseId:0]
2018-10-21 23:23:02  [54228] SELECT "id","title","body","created_at","updated_at","lock_revision" FROM "blog" t0
2018-10-21 23:23:02  [54228] [COMMIT] [databaseId:0]
2018-10-21 23:23:37  [44316] [BEGIN] [databaseId:0]
2018-10-21 23:23:37  [44316] SELECT "id","title","body","created_at","updated_at","lock_revision" FROM "blog" t0 WHERE t0."id"=7 LIMIT 1
2018-10-21 23:23:37  [44316] [COMMIT] [databaseId:0]
2018-10-21 23:24:53  [50944] PRAGMA journal_mode=WAL
2018-10-21 23:24:53  [50944] PRAGMA foreign_keys=ON
2018-10-21 23:24:53  [50944] PRAGMA busy_timeout=5000
2018-10-21 23:24:53  [50944] PRAGMA synchronous=NORMAL
2018-10-21 23:24:53  [50944] [BEGIN] [databaseId:0]
2018-10-21 23:24:53  [50944] INSERT INTO blog ("title", "body", "created_at", "updated_at", "lock_revision") VALUES ('test', 'HND
JUX
SDSI
JUX
SHKD
JUX
RBD
', '2018-10-21T23:24:53.495', '2018-10-21T23:24:53.496', 1)
2018-10-21 23:24:53  [50944] [COMMIT] [databaseId:0]
2018-10-21 23:24:53  [50944] [BEGIN] [databaseId:0]
2018-10-21 23:24:53  [50944] SELECT "id","title","body","created_at","updated_at","lock_revision" FROM "blog" t0 WHERE t0."id"=8 LIMIT 1
2018-10-21 23:24:53  [50944] [COMMIT] [databaseId:0]
2018-10-21 23:24:56  [50944] [BEGIN] [databaseId:0]
2018-10-21 23:24:56  [50944] SELECT "id","title","body","created_at","updated_at","lock_revision" FROM "blog" t0
2018-10-21 23:24:56  [50944] [COMMIT] [databaseId:0]
2018-10-22 14:30:07  [20180] PRAGMA journal_mode=WAL
2018-10-22 14:30:07  [20180] PRAGMA foreign_keys=ON
2018-10-22 14:30:07  [20180] PRAGMA busy_timeout=5000
2018-10-22 14:30:07  [20180] PRAGMA synchronous=NORMAL
2018-10-22 14:30:07  [20180] [BEGIN] [databaseId:0]
2018-10-22 14:30:07  [20180] SELECT "id","title","body","created_at","updated_at","lock_revision" FROM "blog" t0
2018-10-22 14:30:07  [20180] [COMMIT] [databaseId:0]
2018-10-22 14:30:20  [17412] [BEGIN] [databaseId:0]
2018-10-22 14:30:20  [17412] SELECT "id","title","body","created_at","updated_at","lock_revision" FROM "blog" t0 WHERE t0."id"=7 LIMIT 1
2018-10-22 14:30:20  [17412] [COMMIT] [databaseId:0]
2018-10-22 14:30:23  [17412] [BEGIN] [databaseId:0]
2018-10-22 14:30:23  [17412] SELECT "id","title","body","created_at","updated_at","lock_revision" FROM "blog" t0
2018-10-22 14:30:23  [17412] [COMMIT] [databaseId:0]
2018-10-22 14:30:25  [17412] [BEGIN] [databaseId:0]
2018-10-22 14:30:25  [17412] SELECT "id","title","body","created_at","updated_at","lock_revision" FROM "blog" t0 WHERE t0."id"=7 LIMIT 1
2018-10-22 14:30:25  [17412] [COMMIT] [databaseId:0]
2018-10-22 14:31:16  [25668] PRAGMA journal_mode=WAL
2018-10-22 14:31:16  [25668] PRAGMA foreign_keys=ON
2018-10-22 14:31:16  [25668] PRAGMA busy_timeout=5000
2018-10-22 14:31:16  [25668] PRAGMA synchronous=NORMAL
2018-10-22 14:31:16  [25668] [BEGIN] [databaseId:0]
2018-10-22 14:31:16  [25668] SELECT "id","title","body","created_at","updated_at","lock_revision" FROM "blog" t0 WHERE t0."id"=7 LIMIT 1
2018-10-22 14:31:16  [25668] [COMMIT] [databaseId:0]
2018-10-22 14:36:36  [29752] PRAGMA journal_mode=WAL
2018-10-22 14:36:36  [29752] PRAGMA foreign_keys=ON
2018-10-22 14:36:36  [29752] PRAGMA busy_timeout=5000
2018-10-22 14:36:36  [29752] PRAGMA synchronous=NORMAL
2018-10-22 14:36:36  [29752] [BEGIN] [databaseId:0]
2018-10-22 14:36:36  [29752] SELECT "id","title","body","created_at","updated_at","lock_revision" FROM "blog" t0 WHERE t0."id"=7 LIMIT 1
2018-10-22 14:36:36  [29752] [COMMIT] [databaseId:0]
2018-10-22 14:44:08  [5548] PRAGMA journal_mode=WAL
2018-10-22 14:44:08  [5548] PRAGMA foreign_keys=ON
2018-10-22 14:44:08  [5548] PRAGMA busy_timeout=5000
2018-10-22 14:44:08  [5548] PRAGMA synchronous=NORMAL
2018-10-22 14:44:08  [5548] [BEGIN] [databaseId:0]
2018-10-22 14:44:08  [5548] SELECT "id","title","body","created_at","updated_at","lock_revision" FROM "blog" t0 WHERE t0."id"=7 LIMIT 1
2018-10-22 14:44:08  [5548] [COMMIT] [databaseId:0]
2018-10-22 14:44:39  [53736] [BEGIN] [databaseId:0]
2018-10-22 14:44:39  [53736] SELECT "id","title","body","created_at","updated_at","lock_revision" FROM "blog" t0
2018-10-22 14:44:39  [53736] [COMMIT] [databaseId:0]
2018-10-22 14:44:45  [53736] [BEGIN] [databaseId:0]
2018-10-22 14:44:45  [53736] SELECT "id","title","body","created_at","updated_at","lock_revision" FROM "blog" t0
2018-10-22 14:44:45  [53736] [COMMIT] [databaseId:0]
2018-10-22 14:44:48  [53736] [BEGIN] [databaseId:0]
2018-10-22 14:44:48  [53736] SELECT "id","title","body","created_at","updated_at","lock_revision" FROM "blog" t0 WHERE t0."id"=4 LIMIT 1
2018-10-22 14:44:48  [53736] [COMMIT] [databaseId:0]
2018-10-22 14:44:49  [53736] [BEGIN] [databaseId:0]
2018-10-22 14:44:49  [53736] SELECT "id","title","body","created_at","updated_at","lock_revision" FROM "blog" t0
2018-10-22 14:44:49  [53736] [COMMIT] [databaseId:0]
2018-10-22 14:44:55  [53736] [BEGIN] [databaseId:0]
2018-10-22 14:44:55  [53736] SELECT "id","title","body","created_at","updated_at","lock_revision" FROM "blog" t0 WHERE t0."id"=4 LIMIT 1
2018-10-22 14:44:55  [53736] DELETE FROM blog WHERE lock_revision=1 AND id=4
2018-10-22 14:44:55  [53736] [COMMIT] [databaseId:0]
2018-10-22 14:44:55  [53736] [BEGIN] [databaseId:0]
2018-10-22 14:44:55  [53736] SELECT "id","title","body","created_at","updated_at","lock_revision" FROM "blog" t0
2018-10-22 14:44:55  [53736] [COMMIT] [databaseId:0]
2018-10-22 14:49:15  [40156] PRAGMA journal_mode=WAL
2018-10-22 14:49:15  [40156] PRAGMA foreign_keys=ON
2018-10-22 14:49:15  [40156] PRAGMA busy_timeout=5000
2018-10-22 14:49:15  [40156] PRAGMA synchronous=NORMAL
2018-10-22 14:49:15  [40156] [BEGIN] [databaseId:0]
2018-10-22 14:49:15  [40156] SELECT "id","title","body","created_at","updated_at","lock_revision" FROM "blog" t0 WHERE t0."id"=5 LIMIT 1
2018-10-22 14:49:15  [40156] [COMMIT] [databaseId:0]
2018-10-22 14:49:21  [40156] [BEGIN] [databaseId:0]
2018-10-22 14:49:21  [40156] SELECT "id","title","body","created_at","updated_at","lock_revision" FROM "blog" t0 WHERE t0."id"=1 LIMIT 1
2018-10-22 14:49:21  [40156] [COMMIT] [databaseId:0]
2018-10-22 14:50:54  [38900] PRAGMA journal_mode=WAL
2018-10-22 14:50:54  [38900] PRAGMA foreign_keys=ON
2018-10-22 14:50:54  [38900] PRAGMA busy_timeout=5000
2018-10-22 14:50:54  [38900] PRAGMA synchronous=NORMAL
2018-10-22 14:50:54  [38900] [BEGIN] [databaseId:0]
2018-10-22 14:50:54  [38900] SELECT "id","title","body","created_at","updated_at","lock_revision" FROM "blog" t0 WHERE t0."id"=1 LIMIT 1
2018-10-22 14:50:54  [38900] [COMMIT] [databaseId:0]
2018-10-22 14:52:02  [53012] PRAGMA journal_mode=WAL
2018-10-22 14:52:02  [53012] PRAGMA foreign_keys=ON
2018-10-22 14:52:02  [53012] PRAGMA busy_timeout=5000
2018-10-22 14:52:02  [53012] PRAGMA synchronous=NORMAL
2018-10-22 14:52:02  [53012] [BEGIN] [databaseId:0]
2018-10-22 14:52:02  [53012] SELECT "id","title","body","created_at","updated_at","lock_revision" FROM "blog" t0 WHERE t0."id"=1 LIMIT 1
2018-10-22 14:52:02  [53012] [COMMIT] [databaseId:0]
2018-10-22 14:52:10  [53012] [BEGIN] [databaseId:0]
2018-10-22 14:52:10  [53012] SELECT "id","title","body","created_at","updated_at","lock_revision" FROM "blog" t0
2018-10-22 14:52:10  [53012] [COMMIT] [databaseId:0]
2018-10-22 14:55:36  [44416] PRAGMA journal_mode=WAL
2018-10-22 14:55:36  [44416] PRAGMA foreign_keys=ON
2018-10-22 14:55:36  [44416] PRAGMA busy_timeout=5000
2018-10-22 14:55:36  [44416] PRAGMA synchronous=NORMAL
2018-10-22 14:55:36  [44416] [BEGIN] [databaseId:0]
2018-10-22 14:55:36  [44416] INSERT INTO blog ("title", "body", "created_at", "updated_at", "lock_revision") VALUES ('my fisrt blog', 'def attrs(kwd,**kwds):
    print(kwds,kwd)
    def decorate(f):
        print(f)
        for k in kwds:
            setattr(f, k, kwds[k])
        print(f)
        return f
    return decorate

@attrs(3,versionadded="2.2",
author="Guido van Rossum")
def mymethod(f):
    print(getattr(mymethod,''versionadded'',0))
    print(getattr(mymethod,''author'',0))
    print(f)

if __name__ == "__main__":
    mymethod(2) 
', '2018-10-22T14:55:36.336', '2018-10-22T14:55:36.355', 1)
2018-10-22 14:55:36  [44416] [COMMIT] [databaseId:0]
2018-10-22 14:55:36  [44416] [BEGIN] [databaseId:0]
2018-10-22 14:55:36  [44416] SELECT "id","title","body","created_at","updated_at","lock_revision" FROM "blog" t0 WHERE t0."id"=9 LIMIT 1
2018-10-22 14:55:36  [44416] [COMMIT] [databaseId:0]
2018-10-22 14:56:44  [36376] PRAGMA journal_mode=WAL
2018-10-22 14:56:44  [36376] PRAGMA foreign_keys=ON
2018-10-22 14:56:44  [36376] PRAGMA busy_timeout=5000
2018-10-22 14:56:44  [36376] PRAGMA synchronous=NORMAL
2018-10-22 14:56:44  [36376] [BEGIN] [databaseId:0]
2018-10-22 14:56:44  [36376] SELECT "id","title","body","created_at","updated_at","lock_revision" FROM "blog" t0 WHERE t0."id"=9 LIMIT 1
2018-10-22 14:56:44  [36376] [COMMIT] [databaseId:0]
2018-10-22 14:56:48  [36376] [BEGIN] [databaseId:0]
2018-10-22 14:56:48  [36376] SELECT "id","title","body","created_at","updated_at","lock_revision" FROM "blog" t0
2018-10-22 14:56:48  [36376] [COMMIT] [databaseId:0]
2018-10-22 14:58:02  [23992] PRAGMA journal_mode=WAL
2018-10-22 14:58:02  [23992] PRAGMA foreign_keys=ON
2018-10-22 14:58:02  [23992] PRAGMA busy_timeout=5000
2018-10-22 14:58:02  [23992] PRAGMA synchronous=NORMAL
2018-10-22 14:58:02  [23992] [BEGIN] [databaseId:0]
2018-10-22 14:58:02  [23992] SELECT "id","title","body","created_at","updated_at","lock_revision" FROM "blog" t0 WHERE t0."id"=5 LIMIT 1
2018-10-22 14:58:02  [23992] [COMMIT] [databaseId:0]
2018-10-22 14:58:03  [23992] [BEGIN] [databaseId:0]
2018-10-22 14:58:03  [23992] SELECT "id","title","body","created_at","updated_at","lock_revision" FROM "blog" t0
2018-10-22 14:58:03  [23992] [COMMIT] [databaseId:0]
2018-10-22 14:58:04  [23992] [BEGIN] [databaseId:0]
2018-10-22 14:58:04  [23992] SELECT "id","title","body","created_at","updated_at","lock_revision" FROM "blog" t0 WHERE t0."id"=7 LIMIT 1
2018-10-22 14:58:04  [23992] [COMMIT] [databaseId:0]
2018-10-22 14:58:24  [11568] [BEGIN] [databaseId:0]
2018-10-22 14:58:24  [11568] SELECT "id","title","body","created_at","updated_at","lock_revision" FROM "blog" t0
2018-10-22 14:58:24  [11568] [COMMIT] [databaseId:0]
2018-10-22 15:03:52  [51184] PRAGMA journal_mode=WAL
2018-10-22 15:03:52  [51184] PRAGMA foreign_keys=ON
2018-10-22 15:03:52  [51184] PRAGMA busy_timeout=5000
2018-10-22 15:03:52  [51184] PRAGMA synchronous=NORMAL
2018-10-22 15:03:52  [51184] [BEGIN] [databaseId:0]
2018-10-22 15:03:52  [51184] SELECT "id","title","body","created_at","updated_at","lock_revision" FROM "blog" t0
2018-10-22 15:03:52  [51184] [COMMIT] [databaseId:0]
2018-10-22 15:04:09  [17632] [BEGIN] [databaseId:0]
2018-10-22 15:04:09  [17632] SELECT "id","title","body","created_at","updated_at","lock_revision" FROM "blog" t0
2018-10-22 15:04:09  [17632] [COMMIT] [databaseId:0]
2018-10-22 15:04:10  [17632] [BEGIN] [databaseId:0]
2018-10-22 15:04:10  [17632] SELECT "id","title","body","created_at","updated_at","lock_revision" FROM "blog" t0 WHERE t0."id"=5 LIMIT 1
2018-10-22 15:04:10  [17632] [COMMIT] [databaseId:0]
2018-10-22 15:04:22  [7860] [BEGIN] [databaseId:0]
2018-10-22 15:04:22  [7860] SELECT "id","title","body","created_at","updated_at","lock_revision" FROM "blog" t0
2018-10-22 15:04:22  [7860] [COMMIT] [databaseId:0]
2018-10-22 15:04:24  [7860] [BEGIN] [databaseId:0]
2018-10-22 15:04:24  [7860] SELECT "id","title","body","created_at","updated_at","lock_revision" FROM "blog" t0 WHERE t0."id"=7 LIMIT 1
2018-10-22 15:04:24  [7860] [COMMIT] [databaseId:0]
2018-10-22 15:14:00  [32172] PRAGMA journal_mode=WAL
2018-10-22 15:14:00  [32172] PRAGMA foreign_keys=ON
2018-10-22 15:14:00  [32172] PRAGMA busy_timeout=5000
2018-10-22 15:14:00  [32172] PRAGMA synchronous=NORMAL
2018-10-22 15:14:00  [32172] [BEGIN] [databaseId:0]
2018-10-22 15:14:00  [32172] SELECT "id","title","body","created_at","updated_at","lock_revision" FROM "blog" t0 WHERE t0."id"=7 LIMIT 1
2018-10-22 15:14:00  [32172] [COMMIT] [databaseId:0]
2018-10-22 15:14:06  [32172] [BEGIN] [databaseId:0]
2018-10-22 15:14:06  [32172] SELECT "id","title","body","created_at","updated_at","lock_revision" FROM "blog" t0 WHERE t0."id"=7 LIMIT 1
2018-10-22 15:14:06  [32172] [COMMIT] [databaseId:0]
2018-10-22 15:20:10  [30568] PRAGMA journal_mode=WAL
2018-10-22 15:20:10  [30568] PRAGMA foreign_keys=ON
2018-10-22 15:20:10  [30568] PRAGMA busy_timeout=5000
2018-10-22 15:20:10  [30568] PRAGMA synchronous=NORMAL
2018-10-22 15:20:10  [30568] [BEGIN] [databaseId:0]
2018-10-22 15:20:10  [30568] SELECT "id","title","body","created_at","updated_at","lock_revision" FROM "blog" t0 WHERE t0."id"=7 LIMIT 1
2018-10-22 15:20:10  [30568] [COMMIT] [databaseId:0]
2018-10-22 15:20:16  [30568] [BEGIN] [databaseId:0]
2018-10-22 15:20:16  [30568] SELECT "id","title","body","created_at","updated_at","lock_revision" FROM "blog" t0
2018-10-22 15:20:16  [30568] [COMMIT] [databaseId:0]
2018-10-22 15:23:12  [15292] PRAGMA journal_mode=WAL
2018-10-22 15:23:12  [15292] PRAGMA foreign_keys=ON
2018-10-22 15:23:12  [15292] PRAGMA busy_timeout=5000
2018-10-22 15:23:12  [15292] PRAGMA synchronous=NORMAL
2018-10-22 15:23:12  [15292] [BEGIN] [databaseId:0]
2018-10-22 15:23:12  [15292] SELECT "id","title","body","created_at","updated_at","lock_revision" FROM "blog" t0 WHERE t0."id"=5 LIMIT 1
2018-10-22 15:23:12  [15292] [COMMIT] [databaseId:0]
2018-10-22 15:23:14  [15292] [BEGIN] [databaseId:0]
2018-10-22 15:23:14  [15292] SELECT "id","title","body","created_at","updated_at","lock_revision" FROM "blog" t0
2018-10-22 15:23:14  [15292] [COMMIT] [databaseId:0]
2018-10-22 15:23:17  [15292] [BEGIN] [databaseId:0]
2018-10-22 15:23:17  [15292] SELECT "id","title","body","created_at","updated_at","lock_revision" FROM "blog" t0 WHERE t0."id"=7 LIMIT 1
2018-10-22 15:23:17  [15292] [COMMIT] [databaseId:0]
2018-10-22 15:23:19  [15292] [BEGIN] [databaseId:0]
2018-10-22 15:23:19  [15292] SELECT "id","title","body","created_at","updated_at","lock_revision" FROM "blog" t0
2018-10-22 15:23:19  [15292] [COMMIT] [databaseId:0]
2018-10-22 15:23:20  [15292] [BEGIN] [databaseId:0]
2018-10-22 15:23:20  [15292] SELECT "id","title","body","created_at","updated_at","lock_revision" FROM "blog" t0 WHERE t0."id"=7 LIMIT 1
2018-10-22 15:23:20  [15292] [COMMIT] [databaseId:0]
2018-10-22 15:23:22  [15292] [BEGIN] [databaseId:0]
2018-10-22 15:23:22  [15292] SELECT "id","title","body","created_at","updated_at","lock_revision" FROM "blog" t0
2018-10-22 15:23:22  [15292] [COMMIT] [databaseId:0]
2018-10-22 15:23:39  [34980] [BEGIN] [databaseId:0]
2018-10-22 15:23:39  [34980] SELECT "id","title","body","created_at","updated_at","lock_revision" FROM "blog" t0
2018-10-22 15:23:39  [34980] [COMMIT] [databaseId:0]
